node : (node:10836) 
[MONGOOSE] Warning: 
Duplicate schema index on 
{"email":1} found. This is 
often due to declaring an 
index using both "index: 
true" and "schema.index()". 
Please remove the duplicate 
index definition.
At line:1 char:1
+ node server.js 2>&1 | 
Out-File -FilePath 
crash.log -Encoding utf8; 
Ge ...
+ ~~~~~~~~~~~~~~~~~~~
    + CategoryInfo          
    : NotSpecified: ((node  
  :10836) [M...dex defini   
 tion.:String) [], Remot    
eException
    + FullyQualifiedErrorId 
    : NativeCommandError
 
(Use `node --trace-warnings 
...` to show where the 
warning was created)
(node:10836) [MONGOOSE] 
Warning: Duplicate schema 
index on {"date":1} found. 
This is often due to 
declaring an index using 
both "index: true" and 
"schema.index()". Please 
remove the duplicate index 
definition.
(node:10836) [MONGOOSE] 
Warning: Duplicate schema 
index on {"date":1} found. 
This is often due to 
declaring an index using 
both "index: true" and 
"schema.index()". Please 
remove the duplicate index 
definition.
2026-04-22 01:05:04 [database] [32minfo[39m: MongoDB connected: cluster0-shard-00-00.o43es.mongodb.net
2026-04-22 01:05:04 [cron] [32minfo[39m: Cron jobs started
2026-04-22 01:05:04 [server] [31merror[39m: Uncaught Exception {"error":"listen EADDRINUSE: address already in use :::5000","stack":"Error: listen EADDRINUSE: address already in use :::5000\n    at Server.setupListenHandle [as _listen2] (node:net:1937:16)\n    at listenInCluster (node:net:1994:12)\n    at Server.listen (node:net:2099:7)\n    at Function.listen (D:\\Projects\\KisanSarthi\\KisanSarthi\\backend\\node_modules\\express\\lib\\application.js:635:24)\n    at startServer (D:\\Projects\\KisanSarthi\\KisanSarthi\\backend\\server.js:16:24)\n    at process.processTicksAndRejections (node:internal/process/task_queues:105:5)"}
